<html>
<head>
<title>TestNG:  Web Tests</title>
<link href="../testng.css" rel="stylesheet" type="text/css" />
<link href="../my-testng.css" rel="stylesheet" type="text/css" />

<style type="text/css">
.log { display: none;} 
.stack-trace { display: none;} 
</style>
<script type="text/javascript">
<!--
function flip(e) {
  current = e.style.display;
  if (current == 'block') {
    e.style.display = 'none';
    return 0;
  }
  else {
    e.style.display = 'block';
    return 1;
  }
}

function toggleBox(szDivId, elem, msg1, msg2)
{
  var res = -1;  if (document.getElementById) {
    res = flip(document.getElementById(szDivId));
  }
  else if (document.all) {
    // this is the way old msie versions work
    res = flip(document.all[szDivId]);
  }
  if(elem) {
    if(res == 0) elem.innerHTML = msg1; else elem.innerHTML = msg2;
  }

}

function toggleAllBoxes() {
  if (document.getElementsByTagName) {
    d = document.getElementsByTagName('div');
    for (i = 0; i < d.length; i++) {
      if (d[i].className == 'log') {
        flip(d[i]);
      }
    }
  }
}

// -->
</script>

</head>
<body>
<h2 align='center'>Web Tests</h2><table border='1' align="center">
<tr>
<td>Tests passed/Failed/Skipped:</td><td>10/1/0</td>
</tr><tr>
<td>Started on:</td><td>Sun Jul 25 09:39:10 IDT 2021</td>
</tr>
<tr><td>Total time:</td><td>109 seconds (109325 ms)</td>
</tr><tr>
<td>Included groups:</td><td></td>
</tr><tr>
<td>Excluded groups:</td><td></td>
</tr>
</table><p/>
<small><i>(Hover the method name to see the test class name)</i></small><p/>
<table width='100%' border='1' class='invocation-failed'>
<tr><td colspan='4' align='center'><b>FAILED TESTS</b></td></tr>
<tr><td><b>Test method</b></td>
<td width="30%"><b>Exception</b></td>
<td width="10%"><b>Time (seconds)</b></td>
<td><b>Instance</b></td>
</tr>
<tr>
<td title='sanity.GrafanaWeb.test07_searchUsers()'><b>test07_searchUsers</b><br>Test class: sanity.GrafanaWeb<br>Test method: Test #7 - Search Users<br>Parameters: testUser, true</td>
<td><div><pre>java.lang.AssertionError: 
	at extensions.Verifications.verifyExistenceOfElement(Verifications.java:46)
	at workflows.WebFlows.searchAndVerifyUser(WebFlows.java:48)
	at sanity.GrafanaWeb.test07_searchUsers(GrafanaWeb.java:67)
	at java.util.ArrayList.forEach(ArrayList.java:1257)
... Removed 34 stack frames</pre></div><a href='#' onClick='toggleBox("stack-trace1622460244", this, "Click to show all stack frames", "Click to hide stack frames")'>Click to show all stack frames</a>
<div class='stack-trace' id='stack-trace1622460244'><pre>java.lang.AssertionError: 
	at org.testng.AssertJUnit.fail(AssertJUnit.java:47)
	at org.testng.AssertJUnit.assertTrue(AssertJUnit.java:20)
	at org.testng.AssertJUnit.assertTrue(AssertJUnit.java:26)
	at extensions.Verifications.verifyExistenceOfElement(Verifications.java:46)
	at workflows.WebFlows.searchAndVerifyUser(WebFlows.java:48)
	at sanity.GrafanaWeb.test07_searchUsers(GrafanaWeb.java:67)
	at sun.reflect.NativeMethodAccessorImpl.invoke0(Native Method)
	at sun.reflect.NativeMethodAccessorImpl.invoke(NativeMethodAccessorImpl.java:62)
	at sun.reflect.DelegatingMethodAccessorImpl.invoke(DelegatingMethodAccessorImpl.java:43)
	at java.lang.reflect.Method.invoke(Method.java:498)
	at org.testng.internal.MethodInvocationHelper.invokeMethod(MethodInvocationHelper.java:133)
	at org.testng.internal.TestInvoker.invokeMethod(TestInvoker.java:584)
	at org.testng.internal.TestInvoker.invokeTestMethod(TestInvoker.java:172)
	at org.testng.internal.MethodRunner.runInSequence(MethodRunner.java:46)
	at org.testng.internal.TestInvoker$MethodInvocationAgent.invoke(TestInvoker.java:804)
	at org.testng.internal.TestInvoker.invokeTestMethods(TestInvoker.java:145)
	at org.testng.internal.TestMethodWorker.invokeTestMethods(TestMethodWorker.java:146)
	at org.testng.internal.TestMethodWorker.run(TestMethodWorker.java:128)
	at java.util.ArrayList.forEach(ArrayList.java:1257)
	at org.testng.TestRunner.privateRun(TestRunner.java:770)
	at org.testng.TestRunner.run(TestRunner.java:591)
	at org.testng.SuiteRunner.runTest(SuiteRunner.java:402)
	at org.testng.SuiteRunner.runSequentially(SuiteRunner.java:396)
	at org.testng.SuiteRunner.privateRun(SuiteRunner.java:355)
	at org.testng.SuiteRunner.run(SuiteRunner.java:304)
	at org.testng.SuiteRunnerWorker.runSuite(SuiteRunnerWorker.java:53)
	at org.testng.SuiteRunnerWorker.run(SuiteRunnerWorker.java:96)
	at org.testng.TestNG.runSuitesSequentially(TestNG.java:1180)
	at org.testng.TestNG.runSuitesLocally(TestNG.java:1102)
	at org.testng.TestNG.runSuites(TestNG.java:1032)
	at org.testng.TestNG.run(TestNG.java:1000)
	at org.apache.maven.surefire.testng.TestNGExecutor.run(TestNGExecutor.java:284)
	at org.apache.maven.surefire.testng.TestNGXmlTestSuite.execute(TestNGXmlTestSuite.java:75)
	at org.apache.maven.surefire.testng.TestNGProvider.invoke(TestNGProvider.java:119)
	at org.apache.maven.surefire.booter.ForkedBooter.runSuitesInProcess(ForkedBooter.java:428)
	at org.apache.maven.surefire.booter.ForkedBooter.execute(ForkedBooter.java:162)
	at org.apache.maven.surefire.booter.ForkedBooter.run(ForkedBooter.java:562)
	at org.apache.maven.surefire.booter.ForkedBooter.main(ForkedBooter.java:548)
</pre></div></td>
<td>15</td>
<td>sanity.GrafanaWeb@33d05366</td></tr>
</table><p>
<table width='100%' border='1' class='invocation-passed'>
<tr><td colspan='4' align='center'><b>PASSED TESTS</b></td></tr>
<tr><td><b>Test method</b></td>
<td width="30%"><b>Exception</b></td>
<td width="10%"><b>Time (seconds)</b></td>
<td><b>Instance</b></td>
</tr>
<tr>
<td title='sanity.GrafanaWebDB.test01_loginDBandVerifyHeader()'><b>test01_loginDBandVerifyHeader</b><br>Test class: sanity.GrafanaWebDB<br>Test method: Test #1 - Login to Grafana with DB Credentials & Verify Header</td>
<td></td>
<td>3</td>
<td>sanity.GrafanaWebDB@27a0a5a2</td></tr>
<tr>
<td title='sanity.GrafanaWeb.test01_verifyHeader()'><b>test01_verifyHeader</b><br>Test class: sanity.GrafanaWeb<br>Test method: Test #1 - Verify Header</td>
<td></td>
<td>10</td>
<td>sanity.GrafanaWeb@33d05366</td></tr>
<tr>
<td title='sanity.GrafanaWebDB.test02_searchVerifyUserWithDBCredentials()'><b>test02_searchVerifyUserWithDBCredentials</b><br>Test class: sanity.GrafanaWebDB<br>Test method: Test #2 - Search And Verify User from DB Credentials</td>
<td></td>
<td>4</td>
<td>sanity.GrafanaWebDB@27a0a5a2</td></tr>
<tr>
<td title='sanity.GrafanaWeb.test02_verifyDefaultUsers()'><b>test02_verifyDefaultUsers</b><br>Test class: sanity.GrafanaWeb<br>Test method: Test #2 - Verify Default Users</td>
<td></td>
<td>1</td>
<td>sanity.GrafanaWeb@33d05366</td></tr>
<tr>
<td title='sanity.GrafanaWeb.test03_verifyNewUser()'><b>test03_verifyNewUser</b><br>Test class: sanity.GrafanaWeb<br>Test method: Test #3 - Verify New User</td>
<td></td>
<td>4</td>
<td>sanity.GrafanaWeb@33d05366</td></tr>
<tr>
<td title='sanity.GrafanaWeb.test04_verifyDeleteUser()'><b>test04_verifyDeleteUser</b><br>Test class: sanity.GrafanaWeb<br>Test method: Test #4 - Verify Delete User</td>
<td></td>
<td>2</td>
<td>sanity.GrafanaWeb@33d05366</td></tr>
<tr>
<td title='sanity.GrafanaWeb.test05_verifyPageToolbarElements()'><b>test05_verifyPageToolbarElements</b><br>Test class: sanity.GrafanaWeb<br>Test method: Test #5 - Verify Page Toolbar Elements</td>
<td></td>
<td>0</td>
<td>sanity.GrafanaWeb@33d05366</td></tr>
<tr>
<td title='sanity.GrafanaWeb.test06_verifyAvatarImage()'><b>test06_verifyAvatarImage</b><br>Test class: sanity.GrafanaWeb<br>Test method: Test #6 - Verify in Page Avatar Image</td>
<td></td>
<td>2</td>
<td>sanity.GrafanaWeb@33d05366</td></tr>
<tr>
<td title='sanity.GrafanaWeb.test07_searchUsers()'><b>test07_searchUsers</b><br>Test class: sanity.GrafanaWeb<br>Test method: Test #7 - Search Users<br>Parameters: grafanaUser, false</td>
<td></td>
<td>17</td>
<td>sanity.GrafanaWeb@33d05366</td></tr>
<tr>
<td title='sanity.GrafanaWeb.test07_searchUsers()'><b>test07_searchUsers</b><br>Test class: sanity.GrafanaWeb<br>Test method: Test #7 - Search Users<br>Parameters: admin, true</td>
<td></td>
<td>3</td>
<td>sanity.GrafanaWeb@33d05366</td></tr>
</table><p>
</body>
</html>