<?xml version="1.0" encoding="UTF-8"?>
<!-- Generated by org.testng.reporters.JUnitXMLReporter -->
<testsuite hostname="Laptop" ignored="0" name="Web Tests" tests="11" failures="1" timestamp="2021-07-25T09:40:59 IDT" time="109.325" errors="0">
  <testcase name="test01_verifyHeader" time="10.152" classname="sanity.GrafanaWeb"/>
  <testcase name="test02_verifyDefaultUsers" time="1.325" classname="sanity.GrafanaWeb"/>
  <testcase name="test03_verifyNewUser" time="4.554" classname="sanity.GrafanaWeb"/>
  <testcase name="test04_verifyDeleteUser" time="2.921" classname="sanity.GrafanaWeb"/>
  <testcase name="test05_verifyPageToolbarElements" time="0.551" classname="sanity.GrafanaWeb"/>
  <testcase name="test06_verifyAvatarImage" time="2.371" classname="sanity.GrafanaWeb"/>
  <testcase name="test07_searchUsers" time="17.261" classname="sanity.GrafanaWeb"/>
  <testcase name="test07_searchUsers" time="3.773" classname="sanity.GrafanaWeb"/>
  <testcase name="test07_searchUsers" time="15.441" classname="sanity.GrafanaWeb">
    <failure type="java.lang.AssertionError">
      <![CDATA[java.lang.AssertionError: 
at extensions.Verifications.verifyExistenceOfElement(Verifications.java:46)
at workflows.WebFlows.searchAndVerifyUser(WebFlows.java:48)
at sanity.GrafanaWeb.test07_searchUsers(GrafanaWeb.java:67)
at java.util.ArrayList.forEach(ArrayList.java:1257)
... Removed 34 stack frames]]>
    </failure>
  </testcase> <!-- test07_searchUsers -->
  <testcase name="test01_loginDBandVerifyHeader" time="3.109" classname="sanity.GrafanaWebDB"/>
  <testcase name="test02_searchVerifyUserWithDBCredentials" time="4.025" classname="sanity.GrafanaWebDB"/>
</testsuite> <!-- Web Tests -->
