<?xml version="1.0" encoding="UTF-8"?>
<!-- Generated by org.testng.reporters.JUnitXMLReporter -->
<testsuite hostname="Laptop" ignored="0" name="Electron Tests" tests="2" failures="1" timestamp="2021-07-25T09:39:49 IDT" time="52.56" errors="0">
  <testcase name="test01_AddAndVerifyNewTask" time="7.602" classname="sanity.TodoListElectron"/>
  <testcase name="test02_AddAndVerifyNewTask" time="8.144" classname="sanity.TodoListElectron">
    <failure type="java.lang.AssertionError" message="expected:&amp;lt;3&amp;gt; but was:&amp;lt;5&amp;gt;">
      <![CDATA[java.lang.AssertionError: expected:<3> but was:<5>
at extensions.Verifications.verifyNumber(Verifications.java:61)
at sanity.TodoListElectron.test02_AddAndVerifyNewTask(TodoListElectron.java:27)
at java.util.ArrayList.forEach(ArrayList.java:1257)
... Removed 36 stack frames]]>
    </failure>
  </testcase> <!-- test02_AddAndVerifyNewTask -->
</testsuite> <!-- Electron Tests -->
