<?xml version="1.0" encoding="UTF-8"?>
<!-- Generated by org.testng.reporters.JUnitReportReporter -->
<testsuite skipped="0" hostname="Laptop" name="sanity.GrafanaWeb" tests="9" failures="1" timestamp="2021-07-25T09:40:59 IDT" time="64.163" errors="0">
  <testcase name="test07_searchUsers" time="15.911" classname="sanity.GrafanaWeb">
    <failure type="java.lang.AssertionError" message="">
      <![CDATA[java.lang.AssertionError: 
at org.testng.AssertJUnit.fail(AssertJUnit.java:47)
at org.testng.AssertJUnit.assertTrue(AssertJUnit.java:20)
at org.testng.AssertJUnit.assertTrue(AssertJUnit.java:26)
at extensions.Verifications.verifyExistenceOfElement(Verifications.java:46)
at workflows.WebFlows.searchAndVerifyUser(WebFlows.java:48)
at sanity.GrafanaWeb.test07_searchUsers(GrafanaWeb.java:67)
at sun.reflect.NativeMethodAccessorImpl.invoke0(Native Method)
at sun.reflect.NativeMethodAccessorImpl.invoke(NativeMethodAccessorImpl.java:62)
at sun.reflect.DelegatingMethodAccessorImpl.invoke(DelegatingMethodAccessorImpl.java:43)
at java.lang.reflect.Method.invoke(Method.java:498)
at org.testng.internal.MethodInvocationHelper.invokeMethod(MethodInvocationHelper.java:133)
at org.testng.internal.TestInvoker.invokeMethod(TestInvoker.java:584)
at org.testng.internal.TestInvoker.invokeTestMethod(TestInvoker.java:172)
at org.testng.internal.MethodRunner.runInSequence(MethodRunner.java:46)
at org.testng.internal.TestInvoker$MethodInvocationAgent.invoke(TestInvoker.java:804)
at org.testng.internal.TestInvoker.invokeTestMethods(TestInvoker.java:145)
at org.testng.internal.TestMethodWorker.invokeTestMethods(TestMethodWorker.java:146)
at org.testng.internal.TestMethodWorker.run(TestMethodWorker.java:128)
at java.util.ArrayList.forEach(ArrayList.java:1257)
at org.testng.TestRunner.privateRun(TestRunner.java:770)
at org.testng.TestRunner.run(TestRunner.java:591)
at org.testng.SuiteRunner.runTest(SuiteRunner.java:402)
at org.testng.SuiteRunner.runSequentially(SuiteRunner.java:396)
at org.testng.SuiteRunner.privateRun(SuiteRunner.java:355)
at org.testng.SuiteRunner.run(SuiteRunner.java:304)
at org.testng.SuiteRunnerWorker.runSuite(SuiteRunnerWorker.java:53)
at org.testng.SuiteRunnerWorker.run(SuiteRunnerWorker.java:96)
at org.testng.TestNG.runSuitesSequentially(TestNG.java:1180)
at org.testng.TestNG.runSuitesLocally(TestNG.java:1102)
at org.testng.TestNG.runSuites(TestNG.java:1032)
at org.testng.TestNG.run(TestNG.java:1000)
at org.apache.maven.surefire.testng.TestNGExecutor.run(TestNGExecutor.java:284)
at org.apache.maven.surefire.testng.TestNGXmlTestSuite.execute(TestNGXmlTestSuite.java:75)
at org.apache.maven.surefire.testng.TestNGProvider.invoke(TestNGProvider.java:119)
at org.apache.maven.surefire.booter.ForkedBooter.runSuitesInProcess(ForkedBooter.java:428)
at org.apache.maven.surefire.booter.ForkedBooter.execute(ForkedBooter.java:162)
at org.apache.maven.surefire.booter.ForkedBooter.run(ForkedBooter.java:562)
at org.apache.maven.surefire.booter.ForkedBooter.main(ForkedBooter.java:548)
]]>
    </failure>
  </testcase> <!-- test07_searchUsers -->
  <testcase name="test04_verifyDeleteUser" time="3.674" classname="sanity.GrafanaWeb"/>
  <testcase name="test03_verifyNewUser" time="4.966" classname="sanity.GrafanaWeb"/>
  <testcase name="test01_verifyHeader" time="10.585" classname="sanity.GrafanaWeb"/>
  <testcase name="test07_searchUsers" time="18.224" classname="sanity.GrafanaWeb"/>
  <testcase name="test07_searchUsers" time="4.372" classname="sanity.GrafanaWeb"/>
  <testcase name="test02_verifyDefaultUsers" time="1.964" classname="sanity.GrafanaWeb"/>
  <testcase name="test05_verifyPageToolbarElements" time="1.171" classname="sanity.GrafanaWeb"/>
  <testcase name="test06_verifyAvatarImage" time="3.296" classname="sanity.GrafanaWeb"/>
</testsuite> <!-- sanity.GrafanaWeb -->
